<?xml version="1.0" encoding="UTF-8"?>
<!-- Generated by org.testng.reporters.JUnitReportReporter -->
<testsuite hostname="Rithik" failures="0" tests="1" name="com.rithik.D10.D10T4" time="18.156" errors="0" timestamp="2023-05-04T10:03:54 IST" skipped="0">
  <testcase classname="com.rithik.D10.D10T4" name="f" time="18.156"/>
  <system-out/>
</testsuite> <!-- com.rithik.D10.D10T4 -->
