<?xml version="1.0" encoding="UTF-8"?>
<!-- Generated by org.testng.reporters.JUnitReportReporter -->
<testsuite hostname="Rithik" failures="0" tests="1" name="com.rithik.D10.D10T4" time="57.076" errors="0" timestamp="2023-05-03T12:05:08 IST" skipped="0">
  <testcase classname="com.rithik.D10.D10T4" name="f" time="57.076"/>
  <system-out/>
</testsuite> <!-- com.rithik.D10.D10T4 -->
