<?xml version="1.0" encoding="UTF-8"?>
<!-- Generated by org.testng.reporters.JUnitReportReporter -->
<testsuite hostname="Rithik" failures="0" tests="3" name="com.rithik.D10.D10T1_2_3" time="62.902" errors="0" timestamp="2023-05-04T09:58:34 IST" skipped="0">
  <testcase classname="com.rithik.D10.D10T1_2_3" name="test1" time="8.534"/>
  <system-out/>
  <testcase classname="com.rithik.D10.D10T1_2_3" name="test3" time="46.837"/>
  <system-out/>
  <testcase classname="com.rithik.D10.D10T1_2_3" name="test2" time="7.531"/>
  <system-out/>
</testsuite> <!-- com.rithik.D10.D10T1_2_3 -->
