<?xml version="1.0" encoding="UTF-8"?>
<!-- Generated by org.testng.reporters.JUnitReportReporter -->
<testsuite hostname="Rithik" failures="0" tests="3" name="com.rithik.D10.D10T1_2_3" time="42.267" errors="0" timestamp="2023-05-03T11:16:10 IST" skipped="0">
  <testcase classname="com.rithik.D10.D10T1_2_3" name="test3" time="16.677"/>
  <system-out/>
  <testcase classname="com.rithik.D10.D10T1_2_3" name="test1" time="13.777"/>
  <system-out/>
  <testcase classname="com.rithik.D10.D10T1_2_3" name="test2" time="11.813"/>
  <system-out/>
</testsuite> <!-- com.rithik.D10.D10T1_2_3 -->
