<?xml version="1.0" encoding="UTF-8"?>
<!-- Generated by org.testng.reporters.JUnitReportReporter -->
<testsuite hostname="Rithik" failures="0" tests="3" name="com.rithik.D11.D11T1_2_3" time="39.053" errors="0" timestamp="2023-05-03T09:35:25 IST" skipped="0">
  <testcase classname="com.rithik.D11.D11T1_2_3" name="test2" time="12.204"/>
  <system-out/>
  <testcase classname="com.rithik.D11.D11T1_2_3" name="test1" time="7.502"/>
  <system-out/>
  <testcase classname="com.rithik.D11.D11T1_2_3" name="test3" time="19.347"/>
  <system-out/>
</testsuite> <!-- com.rithik.D11.D11T1_2_3 -->
